2024-05-03T15:37:43.656+09:00  INFO 29937 --- [restartedMain] s.p.p.PathorderServerApplication         : Starting PathorderServerApplication using Java 21.0.2 with PID 29937 (/Users/_jh_jo/development/project/pathorder-server/build/classes/java/main started by _jh_jo in /Users/_jh_jo/development/project/pathorder-server)
2024-05-03T15:37:43.657+09:00  INFO 29937 --- [restartedMain] s.p.p.PathorderServerApplication         : The following 1 profile is active: "dev"
2024-05-03T15:37:43.760+09:00  INFO 29937 --- [restartedMain] .s.d.r.c.RepositoryConfigurationDelegate : Bootstrapping Spring Data JPA repositories in DEFAULT mode.
2024-05-03T15:37:43.769+09:00  INFO 29937 --- [restartedMain] .s.d.r.c.RepositoryConfigurationDelegate : Finished Spring Data repository scanning in 9 ms. Found 7 JPA repository interfaces.
2024-05-03T15:37:43.839+09:00  INFO 29937 --- [restartedMain] o.s.b.w.embedded.tomcat.TomcatWebServer  : Tomcat initialized with port 8080 (http)
2024-05-03T15:37:43.840+09:00  INFO 29937 --- [restartedMain] o.apache.catalina.core.StandardService   : Starting service [Tomcat]
2024-05-03T15:37:43.840+09:00  INFO 29937 --- [restartedMain] o.apache.catalina.core.StandardEngine    : Starting Servlet engine: [Apache Tomcat/10.1.20]
2024-05-03T15:37:43.846+09:00  INFO 29937 --- [restartedMain] o.a.c.c.C.[Tomcat].[localhost].[/]       : Initializing Spring embedded WebApplicationContext
2024-05-03T15:37:43.846+09:00  INFO 29937 --- [restartedMain] w.s.c.ServletWebServerApplicationContext : Root WebApplicationContext: initialization completed in 188 ms
2024-05-03T15:37:43.855+09:00  INFO 29937 --- [restartedMain] com.zaxxer.hikari.HikariDataSource       : HikariPool-3 - Starting...
2024-05-03T15:37:43.856+09:00  INFO 29937 --- [restartedMain] com.zaxxer.hikari.pool.HikariPool        : HikariPool-3 - Added connection conn20: url=jdbc:h2:mem:test user=SA
2024-05-03T15:37:43.856+09:00  INFO 29937 --- [restartedMain] com.zaxxer.hikari.HikariDataSource       : HikariPool-3 - Start completed.
2024-05-03T15:37:43.856+09:00  INFO 29937 --- [restartedMain] o.s.b.a.h2.H2ConsoleAutoConfiguration    : H2 console available at '/h2-console'. Database available at 'jdbc:h2:mem:test'
2024-05-03T15:37:43.874+09:00  INFO 29937 --- [restartedMain] o.hibernate.jpa.internal.util.LogHelper  : HHH000204: Processing PersistenceUnitInfo [name: default]
2024-05-03T15:37:43.875+09:00  INFO 29937 --- [restartedMain] o.h.c.internal.RegionFactoryInitiator    : HHH000026: Second-level cache disabled
2024-05-03T15:37:43.878+09:00  INFO 29937 --- [restartedMain] o.s.o.j.p.SpringPersistenceUnitInfo      : No LoadTimeWeaver setup: ignoring JPA class transformer
2024-05-03T15:37:43.970+09:00  INFO 29937 --- [restartedMain] o.h.e.t.j.p.i.JtaPlatformInitiator       : HHH000489: No JTA platform available (set 'hibernate.transaction.jta.platform' to enable JTA platform integration)
2024-05-03T15:37:43.978+09:00  INFO 29937 --- [restartedMain] j.LocalContainerEntityManagerFactoryBean : Initialized JPA EntityManagerFactory for persistence unit 'default'
2024-05-03T15:37:44.175+09:00  INFO 29937 --- [restartedMain] o.s.b.d.a.OptionalLiveReloadServer       : LiveReload server is running on port 35729
2024-05-03T15:37:44.184+09:00  INFO 29937 --- [restartedMain] o.s.b.w.embedded.tomcat.TomcatWebServer  : Tomcat started on port 8080 (http) with context path ''
2024-05-03T15:37:44.187+09:00  INFO 29937 --- [restartedMain] s.p.p.PathorderServerApplication         : Started PathorderServerApplication in 0.556 seconds (process running for 509.515)
2024-05-03T15:37:44.188+09:00  INFO 29937 --- [restartedMain] .ConditionEvaluationDeltaLoggingListener : Condition evaluation unchanged
